<?xml version="1.0" encoding="UTF-8"?>
<testsuite name="com.sijune.project.springboot.domain.posts.PostsRepositoryTest" tests="2" skipped="0" failures="0" errors="0" timestamp="2020-12-06T06:33:14" hostname="SijuneLcBookPro" time="0.022">
  <properties/>
  <testcase name="BaseTimeEntity_Insert" classname="com.sijune.project.springboot.domain.posts.PostsRepositoryTest" time="0.015"/>
  <testcase name="get_savedPosts" classname="com.sijune.project.springboot.domain.posts.PostsRepositoryTest" time="0.006"/>
  <system-out><![CDATA[2020-12-06 15:33:12.945  INFO 5815 --- [    Test worker] .b.t.c.SpringBootTestContextBootstrapper : Neither @ContextConfiguration nor @ContextHierarchy found for test class [com.sijune.project.springboot.domain.posts.PostsRepositoryTest], using SpringBootContextLoader
2020-12-06 15:33:12.945  INFO 5815 --- [    Test worker] o.s.t.c.support.AbstractContextLoader    : Could not detect default resource locations for test class [com.sijune.project.springboot.domain.posts.PostsRepositoryTest]: no resource found for suffixes {-context.xml, Context.groovy}.
2020-12-06 15:33:12.946  INFO 5815 --- [    Test worker] t.c.s.AnnotationConfigContextLoaderUtils : Could not detect default configuration classes for test class [com.sijune.project.springboot.domain.posts.PostsRepositoryTest]: PostsRepositoryTest does not declare any static, non-private, non-final, nested classes annotated with @Configuration.
2020-12-06 15:33:12.951  INFO 5815 --- [    Test worker] .b.t.c.SpringBootTestContextBootstrapper : Found @SpringBootConfiguration com.sijune.project.springboot.Application for test class com.sijune.project.springboot.domain.posts.PostsRepositoryTest
2020-12-06 15:33:12.952  INFO 5815 --- [    Test worker] .b.t.c.SpringBootTestContextBootstrapper : Loaded default TestExecutionListener class names from location [META-INF/spring.factories]: [org.springframework.security.test.context.support.WithSecurityContextTestExecutionListener, org.springframework.security.test.context.support.ReactorContextTestExecutionListener, org.springframework.boot.test.autoconfigure.restdocs.RestDocsTestExecutionListener, org.springframework.boot.test.autoconfigure.web.client.MockRestServiceServerResetTestExecutionListener, org.springframework.boot.test.autoconfigure.web.servlet.MockMvcPrintOnlyOnFailureTestExecutionListener, org.springframework.boot.test.autoconfigure.web.servlet.WebDriverTestExecutionListener, org.springframework.boot.test.mock.mockito.MockitoTestExecutionListener, org.springframework.boot.test.mock.mockito.ResetMocksTestExecutionListener, org.springframework.test.context.web.ServletTestExecutionListener, org.springframework.test.context.support.DirtiesContextBeforeModesTestExecutionListener, org.springframework.test.context.support.DependencyInjectionTestExecutionListener, org.springframework.test.context.support.DirtiesContextTestExecutionListener, org.springframework.test.context.transaction.TransactionalTestExecutionListener, org.springframework.test.context.jdbc.SqlScriptsTestExecutionListener]
2020-12-06 15:33:12.953  INFO 5815 --- [    Test worker] .b.t.c.SpringBootTestContextBootstrapper : Using TestExecutionListeners: [org.springframework.test.context.web.ServletTestExecutionListener@225376f1, org.springframework.test.context.support.DirtiesContextBeforeModesTestExecutionListener@4876525e, org.springframework.boot.test.mock.mockito.MockitoTestExecutionListener@70083377, org.springframework.boot.test.autoconfigure.SpringBootDependencyInjectionTestExecutionListener@5528524b, org.springframework.test.context.support.DirtiesContextTestExecutionListener@6cf552e1, org.springframework.test.context.transaction.TransactionalTestExecutionListener@16eb0983, org.springframework.test.context.jdbc.SqlScriptsTestExecutionListener@274913a2, org.springframework.security.test.context.support.WithSecurityContextTestExecutionListener@3064a70a, org.springframework.security.test.context.support.ReactorContextTestExecutionListener@764089bd, org.springframework.boot.test.autoconfigure.restdocs.RestDocsTestExecutionListener@38a921e7, org.springframework.boot.test.autoconfigure.web.client.MockRestServiceServerResetTestExecutionListener@5712e153, org.springframework.boot.test.autoconfigure.web.servlet.MockMvcPrintOnlyOnFailureTestExecutionListener@42db504c, org.springframework.boot.test.autoconfigure.web.servlet.WebDriverTestExecutionListener@302434cb, org.springframework.boot.test.mock.mockito.ResetMocksTestExecutionListener@41739d31]

  .   ____          _            __ _ _
 /\\ / ___'_ __ _ _(_)_ __  __ _ \ \ \ \
( ( )\___ | '_ | '_| | '_ \/ _` | \ \ \ \
 \\/  ___)| |_)| | | | | || (_| |  ) ) ) )
  '  |____| .__|_| |_|_| |_\__, | / / / /
 =========|_|==============|___/=/_/_/_/
 :: Spring Boot ::        (v2.1.7.RELEASE)

2020-12-06 15:33:12.979  INFO 5815 --- [    Test worker] c.s.p.s.d.posts.PostsRepositoryTest      : Starting PostsRepositoryTest on SijuneLcBookPro with PID 5815 (started by sijune in /Users/sijune/Desktop/project/Spring/blogProject)
2020-12-06 15:33:12.979  INFO 5815 --- [    Test worker] c.s.p.s.d.posts.PostsRepositoryTest      : The following profiles are active: oauth
2020-12-06 15:33:13.145  INFO 5815 --- [    Test worker] .s.d.r.c.RepositoryConfigurationDelegate : Bootstrapping Spring Data repositories in DEFAULT mode.
2020-12-06 15:33:13.158  INFO 5815 --- [    Test worker] .s.d.r.c.RepositoryConfigurationDelegate : Finished Spring Data repository scanning in 13ms. Found 2 repository interfaces.
2020-12-06 15:33:13.230  INFO 5815 --- [    Test worker] trationDelegate$BeanPostProcessorChecker : Bean 'org.springframework.transaction.annotation.ProxyTransactionManagementConfiguration' of type [org.springframework.transaction.annotation.ProxyTransactionManagementConfiguration$$EnhancerBySpringCGLIB$$8808cc0f] is not eligible for getting processed by all BeanPostProcessors (for example: not eligible for auto-proxying)
2020-12-06 15:33:13.293  INFO 5815 --- [    Test worker] com.zaxxer.hikari.HikariDataSource       : HikariPool-2 - Starting...
2020-12-06 15:33:13.294  INFO 5815 --- [    Test worker] com.zaxxer.hikari.HikariDataSource       : HikariPool-2 - Start completed.
2020-12-06 15:33:13.310  INFO 5815 --- [    Test worker] o.hibernate.jpa.internal.util.LogHelper  : HHH000204: Processing PersistenceUnitInfo [
	name: default
	...]
2020-12-06 15:33:13.315  INFO 5815 --- [    Test worker] org.hibernate.dialect.Dialect            : HHH000400: Using dialect: org.hibernate.dialect.MySQL5InnoDBDialect
Hibernate: drop table if exists posts
Hibernate: drop table if exists user
Hibernate: create table posts (id bigint not null auto_increment, created_date datetime, modified_date datetime, author varchar(255), content TEXT not null, title varchar(500) not null, primary key (id)) engine=InnoDB
Hibernate: create table user (id bigint not null auto_increment, created_date datetime, modified_date datetime, email varchar(255) not null, name varchar(255) not null, picture varchar(255), role varchar(255) not null, primary key (id)) engine=InnoDB
2020-12-06 15:33:13.350  INFO 5815 --- [    Test worker] o.h.t.schema.internal.SchemaCreatorImpl  : HHH000476: Executing import script 'org.hibernate.tool.schema.internal.exec.ScriptSourceInputNonExistentImpl@974e401'
2020-12-06 15:33:13.350  INFO 5815 --- [    Test worker] j.LocalContainerEntityManagerFactoryBean : Initialized JPA EntityManagerFactory for persistence unit 'default'
2020-12-06 15:33:13.490  INFO 5815 --- [    Test worker] o.h.h.i.QueryTranslatorFactoryInitiator  : HHH000397: Using ASTQueryTranslatorFactory
2020-12-06 15:33:13.589  INFO 5815 --- [    Test worker] o.s.s.web.DefaultSecurityFilterChain     : Creating filter chain: any request, [org.springframework.security.web.context.request.async.WebAsyncManagerIntegrationFilter@720a8116, org.springframework.security.web.context.SecurityContextPersistenceFilter@34837b1a, org.springframework.security.web.header.HeaderWriterFilter@9b5aabf, org.springframework.security.web.authentication.logout.LogoutFilter@11ac908b, org.springframework.security.oauth2.client.web.OAuth2AuthorizationRequestRedirectFilter@17886b26, org.springframework.security.oauth2.client.web.OAuth2LoginAuthenticationFilter@155a9680, org.springframework.security.web.authentication.ui.DefaultLoginPageGeneratingFilter@3ed867e1, org.springframework.security.web.authentication.ui.DefaultLogoutPageGeneratingFilter@394d1972, org.springframework.security.web.savedrequest.RequestCacheAwareFilter@dac031f, org.springframework.security.web.servletapi.SecurityContextHolderAwareRequestFilter@29e8b047, org.springframework.security.web.authentication.AnonymousAuthenticationFilter@6d488426, org.springframework.security.web.session.SessionManagementFilter@530895fe, org.springframework.security.web.access.ExceptionTranslationFilter@351180fd, org.springframework.security.web.access.intercept.FilterSecurityInterceptor@499f2af]
2020-12-06 15:33:13.757  INFO 5815 --- [    Test worker] o.s.s.concurrent.ThreadPoolTaskExecutor  : Initializing ExecutorService 'applicationTaskExecutor'
2020-12-06 15:33:13.766  WARN 5815 --- [    Test worker] aWebConfiguration$JpaWebMvcConfiguration : spring.jpa.open-in-view is enabled by default. Therefore, database queries may be performed during view rendering. Explicitly configure spring.jpa.open-in-view to disable this warning
2020-12-06 15:33:13.784  INFO 5815 --- [    Test worker] o.s.b.a.w.s.WelcomePageHandlerMapping    : Adding welcome page template: index
2020-12-06 15:33:14.039  INFO 5815 --- [    Test worker] s.a.ScheduledAnnotationBeanPostProcessor : No TaskScheduler/ScheduledExecutorService bean found for scheduled processing
2020-12-06 15:33:14.040  INFO 5815 --- [    Test worker] c.s.p.s.d.posts.PostsRepositoryTest      : Started PostsRepositoryTest in 1.085 seconds (JVM running for 7.654)
Hibernate: insert into posts (created_date, modified_date, author, content, title) values (?, ?, ?, ?, ?)
Hibernate: select posts0_.id as id1_0_, posts0_.created_date as created_2_0_, posts0_.modified_date as modified3_0_, posts0_.author as author4_0_, posts0_.content as content5_0_, posts0_.title as title6_0_ from posts posts0_
>>>>> 2020-12-06T15:33:14.048 >>>>>>>> 2020-12-06T15:33:14.048
Hibernate: select posts0_.id as id1_0_, posts0_.created_date as created_2_0_, posts0_.modified_date as modified3_0_, posts0_.author as author4_0_, posts0_.content as content5_0_, posts0_.title as title6_0_ from posts posts0_
Hibernate: delete from posts where id=?
Hibernate: insert into posts (created_date, modified_date, author, content, title) values (?, ?, ?, ?, ?)
Hibernate: select posts0_.id as id1_0_, posts0_.created_date as created_2_0_, posts0_.modified_date as modified3_0_, posts0_.author as author4_0_, posts0_.content as content5_0_, posts0_.title as title6_0_ from posts posts0_
Hibernate: select posts0_.id as id1_0_, posts0_.created_date as created_2_0_, posts0_.modified_date as modified3_0_, posts0_.author as author4_0_, posts0_.content as content5_0_, posts0_.title as title6_0_ from posts posts0_
Hibernate: delete from posts where id=?
]]></system-out>
  <system-err><![CDATA[]]></system-err>
</testsuite>
