<?xml version="1.0" encoding="UTF-8"?>
<testsuite name="com.sijune.project.springboot.web.HelloControllerTest" tests="2" skipped="0" failures="0" errors="0" timestamp="2020-12-06T06:33:08" hostname="SijuneLcBookPro" time="0.248">
  <properties/>
  <testcase name="helloDto_return" classname="com.sijune.project.springboot.web.HelloControllerTest" time="0.24"/>
  <testcase name="hello_return" classname="com.sijune.project.springboot.web.HelloControllerTest" time="0.007"/>
  <system-out><![CDATA[15:33:06.823 [Test worker] DEBUG org.springframework.test.context.junit4.SpringJUnit4ClassRunner - SpringJUnit4ClassRunner constructor called with [class com.sijune.project.springboot.web.HelloControllerTest]
15:33:06.828 [Test worker] DEBUG org.springframework.test.context.BootstrapUtils - Instantiating CacheAwareContextLoaderDelegate from class [org.springframework.test.context.cache.DefaultCacheAwareContextLoaderDelegate]
15:33:06.833 [Test worker] DEBUG org.springframework.test.context.BootstrapUtils - Instantiating BootstrapContext using constructor [public org.springframework.test.context.support.DefaultBootstrapContext(java.lang.Class,org.springframework.test.context.CacheAwareContextLoaderDelegate)]
15:33:06.847 [Test worker] DEBUG org.springframework.test.context.BootstrapUtils - Instantiating TestContextBootstrapper for test class [com.sijune.project.springboot.web.HelloControllerTest] from class [org.springframework.boot.test.autoconfigure.web.servlet.WebMvcTestContextBootstrapper]
15:33:06.859 [Test worker] INFO org.springframework.boot.test.autoconfigure.web.servlet.WebMvcTestContextBootstrapper - Neither @ContextConfiguration nor @ContextHierarchy found for test class [com.sijune.project.springboot.web.HelloControllerTest], using SpringBootContextLoader
15:33:06.861 [Test worker] DEBUG org.springframework.test.context.support.AbstractContextLoader - Did not detect default resource location for test class [com.sijune.project.springboot.web.HelloControllerTest]: class path resource [com/sijune/project/springboot/web/HelloControllerTest-context.xml] does not exist
15:33:06.861 [Test worker] DEBUG org.springframework.test.context.support.AbstractContextLoader - Did not detect default resource location for test class [com.sijune.project.springboot.web.HelloControllerTest]: class path resource [com/sijune/project/springboot/web/HelloControllerTestContext.groovy] does not exist
15:33:06.862 [Test worker] INFO org.springframework.test.context.support.AbstractContextLoader - Could not detect default resource locations for test class [com.sijune.project.springboot.web.HelloControllerTest]: no resource found for suffixes {-context.xml, Context.groovy}.
15:33:06.862 [Test worker] INFO org.springframework.test.context.support.AnnotationConfigContextLoaderUtils - Could not detect default configuration classes for test class [com.sijune.project.springboot.web.HelloControllerTest]: HelloControllerTest does not declare any static, non-private, non-final, nested classes annotated with @Configuration.
15:33:06.906 [Test worker] DEBUG org.springframework.test.context.support.ActiveProfilesUtils - Could not find an 'annotation declaring class' for annotation type [org.springframework.test.context.ActiveProfiles] and class [com.sijune.project.springboot.web.HelloControllerTest]
15:33:06.960 [Test worker] DEBUG org.springframework.context.annotation.ClassPathScanningCandidateComponentProvider - Identified candidate component class: file [/Users/sijune/Desktop/project/Spring/blogProject/build/classes/java/main/com/sijune/project/springboot/Application.class]
15:33:06.961 [Test worker] INFO org.springframework.boot.test.context.SpringBootTestContextBootstrapper - Found @SpringBootConfiguration com.sijune.project.springboot.Application for test class com.sijune.project.springboot.web.HelloControllerTest
15:33:06.962 [Test worker] DEBUG org.springframework.boot.test.autoconfigure.web.servlet.WebMvcTestContextBootstrapper - @TestExecutionListeners is not present for class [com.sijune.project.springboot.web.HelloControllerTest]: using defaults.
15:33:06.963 [Test worker] INFO org.springframework.boot.test.autoconfigure.web.servlet.WebMvcTestContextBootstrapper - Loaded default TestExecutionListener class names from location [META-INF/spring.factories]: [org.springframework.security.test.context.support.WithSecurityContextTestExecutionListener, org.springframework.security.test.context.support.ReactorContextTestExecutionListener, org.springframework.boot.test.autoconfigure.restdocs.RestDocsTestExecutionListener, org.springframework.boot.test.autoconfigure.web.client.MockRestServiceServerResetTestExecutionListener, org.springframework.boot.test.autoconfigure.web.servlet.MockMvcPrintOnlyOnFailureTestExecutionListener, org.springframework.boot.test.autoconfigure.web.servlet.WebDriverTestExecutionListener, org.springframework.boot.test.mock.mockito.MockitoTestExecutionListener, org.springframework.boot.test.mock.mockito.ResetMocksTestExecutionListener, org.springframework.test.context.web.ServletTestExecutionListener, org.springframework.test.context.support.DirtiesContextBeforeModesTestExecutionListener, org.springframework.test.context.support.DependencyInjectionTestExecutionListener, org.springframework.test.context.support.DirtiesContextTestExecutionListener, org.springframework.test.context.transaction.TransactionalTestExecutionListener, org.springframework.test.context.jdbc.SqlScriptsTestExecutionListener]
15:33:06.976 [Test worker] INFO org.springframework.boot.test.autoconfigure.web.servlet.WebMvcTestContextBootstrapper - Using TestExecutionListeners: [org.springframework.test.context.web.ServletTestExecutionListener@24aff4ca, org.springframework.test.context.support.DirtiesContextBeforeModesTestExecutionListener@cf61b9f, org.springframework.boot.test.mock.mockito.MockitoTestExecutionListener@4b449218, org.springframework.boot.test.autoconfigure.SpringBootDependencyInjectionTestExecutionListener@40c7b58d, org.springframework.test.context.support.DirtiesContextTestExecutionListener@1b1500fb, org.springframework.test.context.transaction.TransactionalTestExecutionListener@2783cae5, org.springframework.test.context.jdbc.SqlScriptsTestExecutionListener@4838585f, org.springframework.security.test.context.support.WithSecurityContextTestExecutionListener@35aef708, org.springframework.security.test.context.support.ReactorContextTestExecutionListener@60f3b9e, org.springframework.boot.test.autoconfigure.restdocs.RestDocsTestExecutionListener@3f621d58, org.springframework.boot.test.autoconfigure.web.client.MockRestServiceServerResetTestExecutionListener@3592404b, org.springframework.boot.test.autoconfigure.web.servlet.MockMvcPrintOnlyOnFailureTestExecutionListener@77c6e746, org.springframework.boot.test.autoconfigure.web.servlet.WebDriverTestExecutionListener@8eaf1eb, org.springframework.boot.test.mock.mockito.ResetMocksTestExecutionListener@274db573]
15:33:06.978 [Test worker] DEBUG org.springframework.test.annotation.ProfileValueUtils - Retrieved @ProfileValueSourceConfiguration [null] for test class [com.sijune.project.springboot.web.HelloControllerTest]
15:33:06.978 [Test worker] DEBUG org.springframework.test.annotation.ProfileValueUtils - Retrieved ProfileValueSource type [class org.springframework.test.annotation.SystemProfileValueSource] for class [com.sijune.project.springboot.web.HelloControllerTest]
15:33:06.979 [Test worker] DEBUG org.springframework.test.annotation.ProfileValueUtils - Retrieved @ProfileValueSourceConfiguration [null] for test class [com.sijune.project.springboot.web.HelloControllerTest]
15:33:06.979 [Test worker] DEBUG org.springframework.test.annotation.ProfileValueUtils - Retrieved ProfileValueSource type [class org.springframework.test.annotation.SystemProfileValueSource] for class [com.sijune.project.springboot.web.HelloControllerTest]
15:33:06.982 [Test worker] DEBUG org.springframework.test.context.support.AbstractDirtiesContextTestExecutionListener - Before test class: context [DefaultTestContext@7704bea2 testClass = HelloControllerTest, testInstance = [null], testMethod = [null], testException = [null], mergedContextConfiguration = [WebMergedContextConfiguration@a3dbd81 testClass = HelloControllerTest, locations = '{}', classes = '{class com.sijune.project.springboot.Application}', contextInitializerClasses = '[]', activeProfiles = '{}', propertySourceLocations = '{}', propertySourceProperties = '{org.springframework.boot.test.autoconfigure.web.servlet.WebMvcTestContextBootstrapper=true}', contextCustomizers = set[org.springframework.boot.test.autoconfigure.OverrideAutoConfigurationContextCustomizerFactory$DisableAutoConfigurationContextCustomizer@23d96155, org.springframework.boot.test.autoconfigure.filter.TypeExcludeFiltersContextCustomizer@90b10fd3, org.springframework.boot.test.autoconfigure.properties.PropertyMappingContextCustomizer@e10091f3, org.springframework.boot.test.autoconfigure.web.servlet.WebDriverContextCustomizerFactory$Customizer@1228f150, [ImportsContextCustomizer@45d13f9c key = [org.springframework.boot.autoconfigure.cache.CacheAutoConfiguration, org.springframework.boot.autoconfigure.context.MessageSourceAutoConfiguration, org.springframework.boot.autoconfigure.data.web.SpringDataWebAutoConfiguration, org.springframework.boot.autoconfigure.freemarker.FreeMarkerAutoConfiguration, org.springframework.boot.autoconfigure.groovy.template.GroovyTemplateAutoConfiguration, org.springframework.boot.autoconfigure.gson.GsonAutoConfiguration, org.springframework.boot.autoconfigure.hateoas.HypermediaAutoConfiguration, org.springframework.boot.autoconfigure.http.HttpMessageConvertersAutoConfiguration, org.springframework.boot.autoconfigure.jackson.JacksonAutoConfiguration, org.springframework.boot.autoconfigure.jsonb.JsonbAutoConfiguration, org.springframework.boot.autoconfigure.mustache.MustacheAutoConfiguration, org.springframework.boot.autoconfigure.task.TaskExecutionAutoConfiguration, org.springframework.boot.autoconfigure.thymeleaf.ThymeleafAutoConfiguration, org.springframework.boot.autoconfigure.validation.ValidationAutoConfiguration, org.springframework.boot.autoconfigure.web.servlet.error.ErrorMvcAutoConfiguration, org.springframework.boot.autoconfigure.web.servlet.WebMvcAutoConfiguration, org.springframework.boot.test.autoconfigure.web.servlet.MockMvcAutoConfiguration, org.springframework.boot.test.autoconfigure.web.servlet.MockMvcSecurityAutoConfiguration, org.springframework.boot.test.autoconfigure.web.servlet.MockMvcWebClientAutoConfiguration, org.springframework.boot.test.autoconfigure.web.servlet.MockMvcWebDriverAutoConfiguration]], org.springframework.boot.test.context.filter.ExcludeFilterContextCustomizer@50855407, org.springframework.boot.test.json.DuplicateJsonObjectContextCustomizerFactory$DuplicateJsonObjectContextCustomizer@174ea00d, org.springframework.boot.test.mock.mockito.MockitoContextCustomizer@0], resourceBasePath = 'src/main/webapp', contextLoader = 'org.springframework.boot.test.context.SpringBootContextLoader', parent = [null]], attributes = map[[empty]]], class annotated with @DirtiesContext [false] with mode [null].
15:33:06.983 [Test worker] DEBUG org.springframework.test.annotation.ProfileValueUtils - Retrieved @ProfileValueSourceConfiguration [null] for test class [com.sijune.project.springboot.web.HelloControllerTest]
15:33:06.983 [Test worker] DEBUG org.springframework.test.annotation.ProfileValueUtils - Retrieved ProfileValueSource type [class org.springframework.test.annotation.SystemProfileValueSource] for class [com.sijune.project.springboot.web.HelloControllerTest]
15:33:06.986 [Test worker] DEBUG org.springframework.test.context.support.DependencyInjectionTestExecutionListener - Performing dependency injection for test context [[DefaultTestContext@7704bea2 testClass = HelloControllerTest, testInstance = com.sijune.project.springboot.web.HelloControllerTest@7a5b372d, testMethod = [null], testException = [null], mergedContextConfiguration = [WebMergedContextConfiguration@a3dbd81 testClass = HelloControllerTest, locations = '{}', classes = '{class com.sijune.project.springboot.Application}', contextInitializerClasses = '[]', activeProfiles = '{}', propertySourceLocations = '{}', propertySourceProperties = '{org.springframework.boot.test.autoconfigure.web.servlet.WebMvcTestContextBootstrapper=true}', contextCustomizers = set[org.springframework.boot.test.autoconfigure.OverrideAutoConfigurationContextCustomizerFactory$DisableAutoConfigurationContextCustomizer@23d96155, org.springframework.boot.test.autoconfigure.filter.TypeExcludeFiltersContextCustomizer@90b10fd3, org.springframework.boot.test.autoconfigure.properties.PropertyMappingContextCustomizer@e10091f3, org.springframework.boot.test.autoconfigure.web.servlet.WebDriverContextCustomizerFactory$Customizer@1228f150, [ImportsContextCustomizer@45d13f9c key = [org.springframework.boot.autoconfigure.cache.CacheAutoConfiguration, org.springframework.boot.autoconfigure.context.MessageSourceAutoConfiguration, org.springframework.boot.autoconfigure.data.web.SpringDataWebAutoConfiguration, org.springframework.boot.autoconfigure.freemarker.FreeMarkerAutoConfiguration, org.springframework.boot.autoconfigure.groovy.template.GroovyTemplateAutoConfiguration, org.springframework.boot.autoconfigure.gson.GsonAutoConfiguration, org.springframework.boot.autoconfigure.hateoas.HypermediaAutoConfiguration, org.springframework.boot.autoconfigure.http.HttpMessageConvertersAutoConfiguration, org.springframework.boot.autoconfigure.jackson.JacksonAutoConfiguration, org.springframework.boot.autoconfigure.jsonb.JsonbAutoConfiguration, org.springframework.boot.autoconfigure.mustache.MustacheAutoConfiguration, org.springframework.boot.autoconfigure.task.TaskExecutionAutoConfiguration, org.springframework.boot.autoconfigure.thymeleaf.ThymeleafAutoConfiguration, org.springframework.boot.autoconfigure.validation.ValidationAutoConfiguration, org.springframework.boot.autoconfigure.web.servlet.error.ErrorMvcAutoConfiguration, org.springframework.boot.autoconfigure.web.servlet.WebMvcAutoConfiguration, org.springframework.boot.test.autoconfigure.web.servlet.MockMvcAutoConfiguration, org.springframework.boot.test.autoconfigure.web.servlet.MockMvcSecurityAutoConfiguration, org.springframework.boot.test.autoconfigure.web.servlet.MockMvcWebClientAutoConfiguration, org.springframework.boot.test.autoconfigure.web.servlet.MockMvcWebDriverAutoConfiguration]], org.springframework.boot.test.context.filter.ExcludeFilterContextCustomizer@50855407, org.springframework.boot.test.json.DuplicateJsonObjectContextCustomizerFactory$DuplicateJsonObjectContextCustomizer@174ea00d, org.springframework.boot.test.mock.mockito.MockitoContextCustomizer@0], resourceBasePath = 'src/main/webapp', contextLoader = 'org.springframework.boot.test.context.SpringBootContextLoader', parent = [null]], attributes = map[[empty]]]].
15:33:07.063 [Test worker] DEBUG org.springframework.test.context.support.TestPropertySourceUtils - Adding inlined properties to environment: {spring.jmx.enabled=false, org.springframework.boot.test.autoconfigure.web.servlet.WebMvcTestContextBootstrapper=true, server.port=-1}

  .   ____          _            __ _ _
 /\\ / ___'_ __ _ _(_)_ __  __ _ \ \ \ \
( ( )\___ | '_ | '_| | '_ \/ _` | \ \ \ \
 \\/  ___)| |_)| | | | | || (_| |  ) ) ) )
  '  |____| .__|_| |_|_| |_\__, | / / / /
 =========|_|==============|___/=/_/_/_/
 :: Spring Boot ::        (v2.1.7.RELEASE)

2020-12-06 15:33:07.364  INFO 5815 --- [    Test worker] c.s.p.s.web.HelloControllerTest          : Starting HelloControllerTest on SijuneLcBookPro with PID 5815 (started by sijune in /Users/sijune/Desktop/project/Spring/blogProject)
2020-12-06 15:33:07.365  INFO 5815 --- [    Test worker] c.s.p.s.web.HelloControllerTest          : The following profiles are active: oauth
2020-12-06 15:33:08.223  INFO 5815 --- [    Test worker] o.s.s.concurrent.ThreadPoolTaskExecutor  : Initializing ExecutorService 'applicationTaskExecutor'
2020-12-06 15:33:08.286  INFO 5815 --- [    Test worker] o.s.b.a.w.s.WelcomePageHandlerMapping    : Adding welcome page template: index
2020-12-06 15:33:08.506  INFO 5815 --- [    Test worker] .s.s.UserDetailsServiceAutoConfiguration : 

Using generated security password: cf50991b-999a-422b-8cac-6b36fd26323e

2020-12-06 15:33:08.727  INFO 5815 --- [    Test worker] o.s.s.web.DefaultSecurityFilterChain     : Creating filter chain: any request, [org.springframework.security.web.context.request.async.WebAsyncManagerIntegrationFilter@4957f121, org.springframework.security.web.context.SecurityContextPersistenceFilter@49c14417, org.springframework.security.web.header.HeaderWriterFilter@3c47f0a5, org.springframework.security.web.csrf.CsrfFilter@36029458, org.springframework.security.web.authentication.logout.LogoutFilter@41525c5a, org.springframework.security.web.authentication.UsernamePasswordAuthenticationFilter@62f45778, org.springframework.security.web.authentication.ui.DefaultLoginPageGeneratingFilter@68c56d1, org.springframework.security.web.authentication.ui.DefaultLogoutPageGeneratingFilter@b7ee9f0, org.springframework.security.web.authentication.www.BasicAuthenticationFilter@3ee7a5a5, org.springframework.security.web.savedrequest.RequestCacheAwareFilter@5de97f5, org.springframework.security.web.servletapi.SecurityContextHolderAwareRequestFilter@523f547a, org.springframework.security.web.authentication.AnonymousAuthenticationFilter@6f90d1c5, org.springframework.security.web.session.SessionManagementFilter@63a1b79b, org.springframework.security.web.access.ExceptionTranslationFilter@5910eae5, org.springframework.security.web.access.intercept.FilterSecurityInterceptor@a3eb19f]
2020-12-06 15:33:08.764  INFO 5815 --- [    Test worker] o.s.b.t.m.w.SpringBootMockServletContext : Initializing Spring TestDispatcherServlet ''
2020-12-06 15:33:08.764  INFO 5815 --- [    Test worker] o.s.t.web.servlet.TestDispatcherServlet  : Initializing Servlet ''
2020-12-06 15:33:08.775  INFO 5815 --- [    Test worker] o.s.t.web.servlet.TestDispatcherServlet  : Completed initialization in 10 ms
2020-12-06 15:33:08.812  INFO 5815 --- [    Test worker] c.s.p.s.web.HelloControllerTest          : Started HelloControllerTest in 1.743 seconds (JVM running for 2.426)
]]></system-out>
  <system-err><![CDATA[]]></system-err>
</testsuite>
