<?xml version="1.0" encoding="UTF-8"?>
<testsuite name="com.sijune.project.springboot.web.dto.HelloResponseDtoTest" tests="1" skipped="0" failures="0" errors="0" timestamp="2020-12-06T06:33:09" hostname="SijuneLcBookPro" time="0.034">
  <properties/>
  <testcase name="lombok_function_test" classname="com.sijune.project.springboot.web.dto.HelloResponseDtoTest" time="0.034"/>
  <system-out><![CDATA[]]></system-out>
  <system-err><![CDATA[]]></system-err>
</testsuite>
